<?xml version="1.0" encoding="UTF-8"?>
<!-- Generated by org.testng.reporters.JUnitXMLReporter -->
<testsuite hostname="AMM00571.local" ignored="0" name="Employees" tests="4" failures="0" timestamp="13 Jan 2020 12:11:30 GMT" time="332.096" errors="0">
  <testcase name="testAdvertisements" time="45.108" classname="employeesTest.TestEmployees"/>
  <testcase name="testCreateDeleteEmployeesAndRemoveAdvertisement" time="253.509" classname="employeesTest.TestEmployees"/>
  <testcase name="testDeleteEmployees" time="5.13" classname="employeesTest.TestEmployees"/>
  <testcase name="testMandateFieldsEmployee" time="2.583" classname="employeesTest.TestEmployees"/>
</testsuite> <!-- Employees -->
